The system is: Linux - 2.6.32-431.29.2.el6.x86_64 - x86_64
Compiling the C compiler identification source file "CMakeCCompilerId.c" succeeded.
Compiler: /gpfs/runtime/opt/gcc/5.2.0/bin/gcc 
Build flags: 
Id flags:  

The output was:
0


Compilation of the C compiler identification source "CMakeCCompilerId.c" produced "a.out"

The C compiler identification is GNU, found in "/users/ejiang1/MinVR-VTK-8/build/CMakeFiles/3.8.1/CompilerIdC/a.out"

Compiling the CXX compiler identification source file "CMakeCXXCompilerId.cpp" succeeded.
Compiler: /gpfs/runtime/opt/gcc/5.2.0/bin/g++ 
Build flags: 
Id flags:  

The output was:
0


Compilation of the CXX compiler identification source "CMakeCXXCompilerId.cpp" produced "a.out"

The CXX compiler identification is GNU, found in "/users/ejiang1/MinVR-VTK-8/build/CMakeFiles/3.8.1/CompilerIdCXX/a.out"

Determining if the C compiler works passed with the following output:
Change Dir: /users/ejiang1/MinVR-VTK-8/build/CMakeFiles/CMakeTmp

Run Build Command:"/usr/bin/gmake" "cmTC_cc168/fast"
/usr/bin/gmake -f CMakeFiles/cmTC_cc168.dir/build.make CMakeFiles/cmTC_cc168.dir/build
gmake[1]: Entering directory `/gpfs_home/ejiang1/MinVR-VTK-8/build/CMakeFiles/CMakeTmp'
Building C object CMakeFiles/cmTC_cc168.dir/testCCompiler.c.o
/gpfs/runtime/opt/gcc/5.2.0/bin/gcc    -o CMakeFiles/cmTC_cc168.dir/testCCompiler.c.o   -c /users/ejiang1/MinVR-VTK-8/build/CMakeFiles/CMakeTmp/testCCompiler.c
Linking C executable cmTC_cc168
/gpfs/runtime/opt/cmake/3.8.1/bin/cmake -E cmake_link_script CMakeFiles/cmTC_cc168.dir/link.txt --verbose=1
/gpfs/runtime/opt/gcc/5.2.0/bin/gcc      -rdynamic CMakeFiles/cmTC_cc168.dir/testCCompiler.c.o  -o cmTC_cc168 
gmake[1]: Leaving directory `/gpfs_home/ejiang1/MinVR-VTK-8/build/CMakeFiles/CMakeTmp'


Detecting C compiler ABI info compiled with the following output:
Change Dir: /users/ejiang1/MinVR-VTK-8/build/CMakeFiles/CMakeTmp

Run Build Command:"/usr/bin/gmake" "cmTC_29428/fast"
/usr/bin/gmake -f CMakeFiles/cmTC_29428.dir/build.make CMakeFiles/cmTC_29428.dir/build
gmake[1]: Entering directory `/gpfs_home/ejiang1/MinVR-VTK-8/build/CMakeFiles/CMakeTmp'
Building C object CMakeFiles/cmTC_29428.dir/CMakeCCompilerABI.c.o
/gpfs/runtime/opt/gcc/5.2.0/bin/gcc    -o CMakeFiles/cmTC_29428.dir/CMakeCCompilerABI.c.o   -c /gpfs/runtime/opt/cmake/3.8.1/share/cmake-3.8/Modules/CMakeCCompilerABI.c
Linking C executable cmTC_29428
/gpfs/runtime/opt/cmake/3.8.1/bin/cmake -E cmake_link_script CMakeFiles/cmTC_29428.dir/link.txt --verbose=1
/gpfs/runtime/opt/gcc/5.2.0/bin/gcc     -v -rdynamic CMakeFiles/cmTC_29428.dir/CMakeCCompilerABI.c.o  -o cmTC_29428 
Using built-in specs.
COLLECT_GCC=/gpfs/runtime/opt/gcc/5.2.0/bin/gcc
COLLECT_LTO_WRAPPER=/gpfs/runtime/opt/gcc/5.2.0/libexec/gcc/x86_64-redhat-linux-gnu/5.2.0/lto-wrapper
Target: x86_64-redhat-linux-gnu
Configured with: ../configure --prefix=/gpfs/runtime/opt/gcc/5.2.0 --disable-multilib --enable-languages=c,c++,fortran --enable-libstdcxx-threads --enable-libstdcxx-time --enable-shared --enable-__cxa_atexit --disable-libunwind-exceptions --disable-libada --host x86_64-redhat-linux-gnu --build x86_64-redhat-linux-gnu
Thread model: posix
gcc version 5.2.0 (GCC) 
COMPILER_PATH=/gpfs/runtime/opt/gcc/5.2.0/libexec/gcc/x86_64-redhat-linux-gnu/5.2.0/:/gpfs/runtime/opt/gcc/5.2.0/libexec/gcc/x86_64-redhat-linux-gnu/5.2.0/:/gpfs/runtime/opt/gcc/5.2.0/libexec/gcc/x86_64-redhat-linux-gnu/:/gpfs/runtime/opt/gcc/5.2.0/lib/gcc/x86_64-redhat-linux-gnu/5.2.0/:/gpfs/runtime/opt/gcc/5.2.0/lib/gcc/x86_64-redhat-linux-gnu/
LIBRARY_PATH=/gpfs/runtime/opt/gcc/5.2.0/lib64/../lib64/:/gpfs/runtime/opt/glew/1.13.0/lib64/../lib64/:/gpfs/runtime/opt/nvidia-driver/331.38/usr/lib64/../lib64/:/gpfs/runtime/opt/gcc/5.2.0/lib/gcc/x86_64-redhat-linux-gnu/5.2.0/:/gpfs/runtime/opt/gcc/5.2.0/lib/gcc/x86_64-redhat-linux-gnu/5.2.0/../../../../lib64/:/lib/../lib64/:/usr/lib/../lib64/:/gpfs/runtime/opt/gcc/5.2.0/lib64/:/gpfs/runtime/opt/libpng/1.6.2-intel/lib/:/gpfs/runtime/opt/freeglut/2.8.1/lib/:/gpfs/runtime/opt/glew/1.13.0/lib64/:/gpfs/runtime/opt/vrpn/7.31/lib/:/gpfs/runtime/opt/nvidia-driver/331.38/usr/lib64/:/gpfs/runtime/opt/python/2.7.3/lib/:/gpfs/runtime/opt/intel/2013.1.106/lib/intel64/:/gpfs/runtime/opt/intel/2013.1.106/mkl/lib/intel64/:/gpfs/runtime/opt/gcc/5.2.0/lib/gcc/x86_64-redhat-linux-gnu/5.2.0/../../../:/lib/:/usr/lib/
COLLECT_GCC_OPTIONS='-v' '-rdynamic' '-o' 'cmTC_29428' '-mtune=generic' '-march=x86-64'
 /gpfs/runtime/opt/gcc/5.2.0/libexec/gcc/x86_64-redhat-linux-gnu/5.2.0/collect2 --eh-frame-hdr -m elf_x86_64 -export-dynamic -dynamic-linker /lib64/ld-linux-x86-64.so.2 -o cmTC_29428 /usr/lib/../lib64/crt1.o /usr/lib/../lib64/crti.o /gpfs/runtime/opt/gcc/5.2.0/lib/gcc/x86_64-redhat-linux-gnu/5.2.0/crtbegin.o -L/gpfs/runtime/opt/gcc/5.2.0/lib64/../lib64 -L/gpfs/runtime/opt/glew/1.13.0/lib64/../lib64 -L/gpfs/runtime/opt/nvidia-driver/331.38/usr/lib64/../lib64 -L/gpfs/runtime/opt/gcc/5.2.0/lib/gcc/x86_64-redhat-linux-gnu/5.2.0 -L/gpfs/runtime/opt/gcc/5.2.0/lib/gcc/x86_64-redhat-linux-gnu/5.2.0/../../../../lib64 -L/lib/../lib64 -L/usr/lib/../lib64 -L/gpfs/runtime/opt/gcc/5.2.0/lib64 -L/gpfs/runtime/opt/libpng/1.6.2-intel/lib -L/gpfs/runtime/opt/freeglut/2.8.1/lib -L/gpfs/runtime/opt/glew/1.13.0/lib64 -L/gpfs/runtime/opt/vrpn/7.31/lib -L/gpfs/runtime/opt/nvidia-driver/331.38/usr/lib64 -L/gpfs/runtime/opt/python/2.7.3/lib -L/gpfs/runtime/opt/intel/2013.1.106/lib/intel64 -L/gpfs/runtime/opt/intel/2013.1.106/mkl/lib/intel64 -L/gpfs/runtime/opt/gcc/5.2.0/lib/gcc/x86_64-redhat-linux-gnu/5.2.0/../../.. CMakeFiles/cmTC_29428.dir/CMakeCCompilerABI.c.o -lgcc --as-needed -lgcc_s --no-as-needed -lc -lgcc --as-needed -lgcc_s --no-as-needed /gpfs/runtime/opt/gcc/5.2.0/lib/gcc/x86_64-redhat-linux-gnu/5.2.0/crtend.o /usr/lib/../lib64/crtn.o
gmake[1]: Leaving directory `/gpfs_home/ejiang1/MinVR-VTK-8/build/CMakeFiles/CMakeTmp'


Parsed C implicit link information from above output:
  link line regex: [^( *|.*[/\])(ld|([^/\]+-)?ld|collect2)[^/\]*( |$)]
  ignore line: [Change Dir: /users/ejiang1/MinVR-VTK-8/build/CMakeFiles/CMakeTmp]
  ignore line: []
  ignore line: [Run Build Command:"/usr/bin/gmake" "cmTC_29428/fast"]
  ignore line: [/usr/bin/gmake -f CMakeFiles/cmTC_29428.dir/build.make CMakeFiles/cmTC_29428.dir/build]
  ignore line: [gmake[1]: Entering directory `/gpfs_home/ejiang1/MinVR-VTK-8/build/CMakeFiles/CMakeTmp']
  ignore line: [Building C object CMakeFiles/cmTC_29428.dir/CMakeCCompilerABI.c.o]
  ignore line: [/gpfs/runtime/opt/gcc/5.2.0/bin/gcc    -o CMakeFiles/cmTC_29428.dir/CMakeCCompilerABI.c.o   -c /gpfs/runtime/opt/cmake/3.8.1/share/cmake-3.8/Modules/CMakeCCompilerABI.c]
  ignore line: [Linking C executable cmTC_29428]
  ignore line: [/gpfs/runtime/opt/cmake/3.8.1/bin/cmake -E cmake_link_script CMakeFiles/cmTC_29428.dir/link.txt --verbose=1]
  ignore line: [/gpfs/runtime/opt/gcc/5.2.0/bin/gcc     -v -rdynamic CMakeFiles/cmTC_29428.dir/CMakeCCompilerABI.c.o  -o cmTC_29428 ]
  ignore line: [Using built-in specs.]
  ignore line: [COLLECT_GCC=/gpfs/runtime/opt/gcc/5.2.0/bin/gcc]
  ignore line: [COLLECT_LTO_WRAPPER=/gpfs/runtime/opt/gcc/5.2.0/libexec/gcc/x86_64-redhat-linux-gnu/5.2.0/lto-wrapper]
  ignore line: [Target: x86_64-redhat-linux-gnu]
  ignore line: [Configured with: ../configure --prefix=/gpfs/runtime/opt/gcc/5.2.0 --disable-multilib --enable-languages=c,c++,fortran --enable-libstdcxx-threads --enable-libstdcxx-time --enable-shared --enable-__cxa_atexit --disable-libunwind-exceptions --disable-libada --host x86_64-redhat-linux-gnu --build x86_64-redhat-linux-gnu]
  ignore line: [Thread model: posix]
  ignore line: [gcc version 5.2.0 (GCC) ]
  ignore line: [COMPILER_PATH=/gpfs/runtime/opt/gcc/5.2.0/libexec/gcc/x86_64-redhat-linux-gnu/5.2.0/:/gpfs/runtime/opt/gcc/5.2.0/libexec/gcc/x86_64-redhat-linux-gnu/5.2.0/:/gpfs/runtime/opt/gcc/5.2.0/libexec/gcc/x86_64-redhat-linux-gnu/:/gpfs/runtime/opt/gcc/5.2.0/lib/gcc/x86_64-redhat-linux-gnu/5.2.0/:/gpfs/runtime/opt/gcc/5.2.0/lib/gcc/x86_64-redhat-linux-gnu/]
  ignore line: [LIBRARY_PATH=/gpfs/runtime/opt/gcc/5.2.0/lib64/../lib64/:/gpfs/runtime/opt/glew/1.13.0/lib64/../lib64/:/gpfs/runtime/opt/nvidia-driver/331.38/usr/lib64/../lib64/:/gpfs/runtime/opt/gcc/5.2.0/lib/gcc/x86_64-redhat-linux-gnu/5.2.0/:/gpfs/runtime/opt/gcc/5.2.0/lib/gcc/x86_64-redhat-linux-gnu/5.2.0/../../../../lib64/:/lib/../lib64/:/usr/lib/../lib64/:/gpfs/runtime/opt/gcc/5.2.0/lib64/:/gpfs/runtime/opt/libpng/1.6.2-intel/lib/:/gpfs/runtime/opt/freeglut/2.8.1/lib/:/gpfs/runtime/opt/glew/1.13.0/lib64/:/gpfs/runtime/opt/vrpn/7.31/lib/:/gpfs/runtime/opt/nvidia-driver/331.38/usr/lib64/:/gpfs/runtime/opt/python/2.7.3/lib/:/gpfs/runtime/opt/intel/2013.1.106/lib/intel64/:/gpfs/runtime/opt/intel/2013.1.106/mkl/lib/intel64/:/gpfs/runtime/opt/gcc/5.2.0/lib/gcc/x86_64-redhat-linux-gnu/5.2.0/../../../:/lib/:/usr/lib/]
  ignore line: [COLLECT_GCC_OPTIONS='-v' '-rdynamic' '-o' 'cmTC_29428' '-mtune=generic' '-march=x86-64']
  link line: [ /gpfs/runtime/opt/gcc/5.2.0/libexec/gcc/x86_64-redhat-linux-gnu/5.2.0/collect2 --eh-frame-hdr -m elf_x86_64 -export-dynamic -dynamic-linker /lib64/ld-linux-x86-64.so.2 -o cmTC_29428 /usr/lib/../lib64/crt1.o /usr/lib/../lib64/crti.o /gpfs/runtime/opt/gcc/5.2.0/lib/gcc/x86_64-redhat-linux-gnu/5.2.0/crtbegin.o -L/gpfs/runtime/opt/gcc/5.2.0/lib64/../lib64 -L/gpfs/runtime/opt/glew/1.13.0/lib64/../lib64 -L/gpfs/runtime/opt/nvidia-driver/331.38/usr/lib64/../lib64 -L/gpfs/runtime/opt/gcc/5.2.0/lib/gcc/x86_64-redhat-linux-gnu/5.2.0 -L/gpfs/runtime/opt/gcc/5.2.0/lib/gcc/x86_64-redhat-linux-gnu/5.2.0/../../../../lib64 -L/lib/../lib64 -L/usr/lib/../lib64 -L/gpfs/runtime/opt/gcc/5.2.0/lib64 -L/gpfs/runtime/opt/libpng/1.6.2-intel/lib -L/gpfs/runtime/opt/freeglut/2.8.1/lib -L/gpfs/runtime/opt/glew/1.13.0/lib64 -L/gpfs/runtime/opt/vrpn/7.31/lib -L/gpfs/runtime/opt/nvidia-driver/331.38/usr/lib64 -L/gpfs/runtime/opt/python/2.7.3/lib -L/gpfs/runtime/opt/intel/2013.1.106/lib/intel64 -L/gpfs/runtime/opt/intel/2013.1.106/mkl/lib/intel64 -L/gpfs/runtime/opt/gcc/5.2.0/lib/gcc/x86_64-redhat-linux-gnu/5.2.0/../../.. CMakeFiles/cmTC_29428.dir/CMakeCCompilerABI.c.o -lgcc --as-needed -lgcc_s --no-as-needed -lc -lgcc --as-needed -lgcc_s --no-as-needed /gpfs/runtime/opt/gcc/5.2.0/lib/gcc/x86_64-redhat-linux-gnu/5.2.0/crtend.o /usr/lib/../lib64/crtn.o]
    arg [/gpfs/runtime/opt/gcc/5.2.0/libexec/gcc/x86_64-redhat-linux-gnu/5.2.0/collect2] ==> ignore
    arg [--eh-frame-hdr] ==> ignore
    arg [-m] ==> ignore
    arg [elf_x86_64] ==> ignore
    arg [-export-dynamic] ==> ignore
    arg [-dynamic-linker] ==> ignore
    arg [/lib64/ld-linux-x86-64.so.2] ==> ignore
    arg [-o] ==> ignore
    arg [cmTC_29428] ==> ignore
    arg [/usr/lib/../lib64/crt1.o] ==> ignore
    arg [/usr/lib/../lib64/crti.o] ==> ignore
    arg [/gpfs/runtime/opt/gcc/5.2.0/lib/gcc/x86_64-redhat-linux-gnu/5.2.0/crtbegin.o] ==> ignore
    arg [-L/gpfs/runtime/opt/gcc/5.2.0/lib64/../lib64] ==> dir [/gpfs/runtime/opt/gcc/5.2.0/lib64/../lib64]
    arg [-L/gpfs/runtime/opt/glew/1.13.0/lib64/../lib64] ==> dir [/gpfs/runtime/opt/glew/1.13.0/lib64/../lib64]
    arg [-L/gpfs/runtime/opt/nvidia-driver/331.38/usr/lib64/../lib64] ==> dir [/gpfs/runtime/opt/nvidia-driver/331.38/usr/lib64/../lib64]
    arg [-L/gpfs/runtime/opt/gcc/5.2.0/lib/gcc/x86_64-redhat-linux-gnu/5.2.0] ==> dir [/gpfs/runtime/opt/gcc/5.2.0/lib/gcc/x86_64-redhat-linux-gnu/5.2.0]
    arg [-L/gpfs/runtime/opt/gcc/5.2.0/lib/gcc/x86_64-redhat-linux-gnu/5.2.0/../../../../lib64] ==> dir [/gpfs/runtime/opt/gcc/5.2.0/lib/gcc/x86_64-redhat-linux-gnu/5.2.0/../../../../lib64]
    arg [-L/lib/../lib64] ==> dir [/lib/../lib64]
    arg [-L/usr/lib/../lib64] ==> dir [/usr/lib/../lib64]
    arg [-L/gpfs/runtime/opt/gcc/5.2.0/lib64] ==> dir [/gpfs/runtime/opt/gcc/5.2.0/lib64]
    arg [-L/gpfs/runtime/opt/libpng/1.6.2-intel/lib] ==> dir [/gpfs/runtime/opt/libpng/1.6.2-intel/lib]
    arg [-L/gpfs/runtime/opt/freeglut/2.8.1/lib] ==> dir [/gpfs/runtime/opt/freeglut/2.8.1/lib]
    arg [-L/gpfs/runtime/opt/glew/1.13.0/lib64] ==> dir [/gpfs/runtime/opt/glew/1.13.0/lib64]
    arg [-L/gpfs/runtime/opt/vrpn/7.31/lib] ==> dir [/gpfs/runtime/opt/vrpn/7.31/lib]
    arg [-L/gpfs/runtime/opt/nvidia-driver/331.38/usr/lib64] ==> dir [/gpfs/runtime/opt/nvidia-driver/331.38/usr/lib64]
    arg [-L/gpfs/runtime/opt/python/2.7.3/lib] ==> dir [/gpfs/runtime/opt/python/2.7.3/lib]
    arg [-L/gpfs/runtime/opt/intel/2013.1.106/lib/intel64] ==> dir [/gpfs/runtime/opt/intel/2013.1.106/lib/intel64]
    arg [-L/gpfs/runtime/opt/intel/2013.1.106/mkl/lib/intel64] ==> dir [/gpfs/runtime/opt/intel/2013.1.106/mkl/lib/intel64]
    arg [-L/gpfs/runtime/opt/gcc/5.2.0/lib/gcc/x86_64-redhat-linux-gnu/5.2.0/../../..] ==> dir [/gpfs/runtime/opt/gcc/5.2.0/lib/gcc/x86_64-redhat-linux-gnu/5.2.0/../../..]
    arg [CMakeFiles/cmTC_29428.dir/CMakeCCompilerABI.c.o] ==> ignore
    arg [-lgcc] ==> lib [gcc]
    arg [--as-needed] ==> ignore
    arg [-lgcc_s] ==> lib [gcc_s]
    arg [--no-as-needed] ==> ignore
    arg [-lc] ==> lib [c]
    arg [-lgcc] ==> lib [gcc]
    arg [--as-needed] ==> ignore
    arg [-lgcc_s] ==> lib [gcc_s]
    arg [--no-as-needed] ==> ignore
    arg [/gpfs/runtime/opt/gcc/5.2.0/lib/gcc/x86_64-redhat-linux-gnu/5.2.0/crtend.o] ==> ignore
    arg [/usr/lib/../lib64/crtn.o] ==> ignore
  remove lib [gcc]
  remove lib [gcc_s]
  remove lib [gcc]
  remove lib [gcc_s]
  collapse library dir [/gpfs/runtime/opt/gcc/5.2.0/lib64/../lib64] ==> [/gpfs/runtime/opt/gcc/5.2.0/lib64]
  collapse library dir [/gpfs/runtime/opt/glew/1.13.0/lib64/../lib64] ==> [/gpfs/runtime/opt/glew/1.13.0/lib64]
  collapse library dir [/gpfs/runtime/opt/nvidia-driver/331.38/usr/lib64/../lib64] ==> [/gpfs/runtime/opt/nvidia-driver/331.38/usr/lib64]
  collapse library dir [/gpfs/runtime/opt/gcc/5.2.0/lib/gcc/x86_64-redhat-linux-gnu/5.2.0] ==> [/gpfs/runtime/opt/gcc/5.2.0/lib/gcc/x86_64-redhat-linux-gnu/5.2.0]
  collapse library dir [/gpfs/runtime/opt/gcc/5.2.0/lib/gcc/x86_64-redhat-linux-gnu/5.2.0/../../../../lib64] ==> [/gpfs/runtime/opt/gcc/5.2.0/lib64]
  collapse library dir [/lib/../lib64] ==> [/lib64]
  collapse library dir [/usr/lib/../lib64] ==> [/usr/lib64]
  collapse library dir [/gpfs/runtime/opt/gcc/5.2.0/lib64] ==> [/gpfs/runtime/opt/gcc/5.2.0/lib64]
  collapse library dir [/gpfs/runtime/opt/libpng/1.6.2-intel/lib] ==> [/gpfs/runtime/opt/libpng/1.6.2-intel/lib]
  collapse library dir [/gpfs/runtime/opt/freeglut/2.8.1/lib] ==> [/gpfs/runtime/opt/freeglut/2.8.1/lib]
  collapse library dir [/gpfs/runtime/opt/glew/1.13.0/lib64] ==> [/gpfs/runtime/opt/glew/1.13.0/lib64]
  collapse library dir [/gpfs/runtime/opt/vrpn/7.31/lib] ==> [/gpfs/runtime/opt/vrpn/7.31/lib]
  collapse library dir [/gpfs/runtime/opt/nvidia-driver/331.38/usr/lib64] ==> [/gpfs/runtime/opt/nvidia-driver/331.38/usr/lib64]
  collapse library dir [/gpfs/runtime/opt/python/2.7.3/lib] ==> [/gpfs/runtime/opt/python/2.7.3/lib]
  collapse library dir [/gpfs/runtime/opt/intel/2013.1.106/lib/intel64] ==> [/gpfs/runtime/opt/intel/2013.1.106/lib/intel64]
  collapse library dir [/gpfs/runtime/opt/intel/2013.1.106/mkl/lib/intel64] ==> [/gpfs/runtime/opt/intel/2013.1.106/mkl/lib/intel64]
  collapse library dir [/gpfs/runtime/opt/gcc/5.2.0/lib/gcc/x86_64-redhat-linux-gnu/5.2.0/../../..] ==> [/gpfs/runtime/opt/gcc/5.2.0/lib]
  implicit libs: [c]
  implicit dirs: [/gpfs/runtime/opt/gcc/5.2.0/lib64;/gpfs/runtime/opt/glew/1.13.0/lib64;/gpfs/runtime/opt/nvidia-driver/331.38/usr/lib64;/gpfs/runtime/opt/gcc/5.2.0/lib/gcc/x86_64-redhat-linux-gnu/5.2.0;/lib64;/usr/lib64;/gpfs/runtime/opt/libpng/1.6.2-intel/lib;/gpfs/runtime/opt/freeglut/2.8.1/lib;/gpfs/runtime/opt/vrpn/7.31/lib;/gpfs/runtime/opt/python/2.7.3/lib;/gpfs/runtime/opt/intel/2013.1.106/lib/intel64;/gpfs/runtime/opt/intel/2013.1.106/mkl/lib/intel64;/gpfs/runtime/opt/gcc/5.2.0/lib]
  implicit fwks: []




Detecting C [-std=c11] compiler features compiled with the following output:
Change Dir: /users/ejiang1/MinVR-VTK-8/build/CMakeFiles/CMakeTmp

Run Build Command:"/usr/bin/gmake" "cmTC_c7e5c/fast"
/usr/bin/gmake -f CMakeFiles/cmTC_c7e5c.dir/build.make CMakeFiles/cmTC_c7e5c.dir/build
gmake[1]: Entering directory `/gpfs_home/ejiang1/MinVR-VTK-8/build/CMakeFiles/CMakeTmp'
Building C object CMakeFiles/cmTC_c7e5c.dir/feature_tests.c.o
/gpfs/runtime/opt/gcc/5.2.0/bin/gcc   -std=c11 -o CMakeFiles/cmTC_c7e5c.dir/feature_tests.c.o   -c /users/ejiang1/MinVR-VTK-8/build/CMakeFiles/feature_tests.c
Linking C executable cmTC_c7e5c
/gpfs/runtime/opt/cmake/3.8.1/bin/cmake -E cmake_link_script CMakeFiles/cmTC_c7e5c.dir/link.txt --verbose=1
/gpfs/runtime/opt/gcc/5.2.0/bin/gcc      -rdynamic CMakeFiles/cmTC_c7e5c.dir/feature_tests.c.o  -o cmTC_c7e5c 
gmake[1]: Leaving directory `/gpfs_home/ejiang1/MinVR-VTK-8/build/CMakeFiles/CMakeTmp'


    Feature record: C_FEATURE:1c_function_prototypes
    Feature record: C_FEATURE:1c_restrict
    Feature record: C_FEATURE:1c_static_assert
    Feature record: C_FEATURE:1c_variadic_macros


Detecting C [-std=c99] compiler features compiled with the following output:
Change Dir: /users/ejiang1/MinVR-VTK-8/build/CMakeFiles/CMakeTmp

Run Build Command:"/usr/bin/gmake" "cmTC_1a25a/fast"
/usr/bin/gmake -f CMakeFiles/cmTC_1a25a.dir/build.make CMakeFiles/cmTC_1a25a.dir/build
gmake[1]: Entering directory `/gpfs_home/ejiang1/MinVR-VTK-8/build/CMakeFiles/CMakeTmp'
Building C object CMakeFiles/cmTC_1a25a.dir/feature_tests.c.o
/gpfs/runtime/opt/gcc/5.2.0/bin/gcc   -std=c99 -o CMakeFiles/cmTC_1a25a.dir/feature_tests.c.o   -c /users/ejiang1/MinVR-VTK-8/build/CMakeFiles/feature_tests.c
Linking C executable cmTC_1a25a
/gpfs/runtime/opt/cmake/3.8.1/bin/cmake -E cmake_link_script CMakeFiles/cmTC_1a25a.dir/link.txt --verbose=1
/gpfs/runtime/opt/gcc/5.2.0/bin/gcc      -rdynamic CMakeFiles/cmTC_1a25a.dir/feature_tests.c.o  -o cmTC_1a25a 
gmake[1]: Leaving directory `/gpfs_home/ejiang1/MinVR-VTK-8/build/CMakeFiles/CMakeTmp'


    Feature record: C_FEATURE:1c_function_prototypes
    Feature record: C_FEATURE:1c_restrict
    Feature record: C_FEATURE:0c_static_assert
    Feature record: C_FEATURE:1c_variadic_macros


Detecting C [-std=c90] compiler features compiled with the following output:
Change Dir: /users/ejiang1/MinVR-VTK-8/build/CMakeFiles/CMakeTmp

Run Build Command:"/usr/bin/gmake" "cmTC_f8741/fast"
/usr/bin/gmake -f CMakeFiles/cmTC_f8741.dir/build.make CMakeFiles/cmTC_f8741.dir/build
gmake[1]: Entering directory `/gpfs_home/ejiang1/MinVR-VTK-8/build/CMakeFiles/CMakeTmp'
Building C object CMakeFiles/cmTC_f8741.dir/feature_tests.c.o
/gpfs/runtime/opt/gcc/5.2.0/bin/gcc   -std=c90 -o CMakeFiles/cmTC_f8741.dir/feature_tests.c.o   -c /users/ejiang1/MinVR-VTK-8/build/CMakeFiles/feature_tests.c
Linking C executable cmTC_f8741
/gpfs/runtime/opt/cmake/3.8.1/bin/cmake -E cmake_link_script CMakeFiles/cmTC_f8741.dir/link.txt --verbose=1
/gpfs/runtime/opt/gcc/5.2.0/bin/gcc      -rdynamic CMakeFiles/cmTC_f8741.dir/feature_tests.c.o  -o cmTC_f8741 
gmake[1]: Leaving directory `/gpfs_home/ejiang1/MinVR-VTK-8/build/CMakeFiles/CMakeTmp'


    Feature record: C_FEATURE:1c_function_prototypes
    Feature record: C_FEATURE:0c_restrict
    Feature record: C_FEATURE:0c_static_assert
    Feature record: C_FEATURE:0c_variadic_macros
Determining if the CXX compiler works passed with the following output:
Change Dir: /users/ejiang1/MinVR-VTK-8/build/CMakeFiles/CMakeTmp

Run Build Command:"/usr/bin/gmake" "cmTC_caa36/fast"
/usr/bin/gmake -f CMakeFiles/cmTC_caa36.dir/build.make CMakeFiles/cmTC_caa36.dir/build
gmake[1]: Entering directory `/gpfs_home/ejiang1/MinVR-VTK-8/build/CMakeFiles/CMakeTmp'
Building CXX object CMakeFiles/cmTC_caa36.dir/testCXXCompiler.cxx.o
/gpfs/runtime/opt/gcc/5.2.0/bin/g++     -o CMakeFiles/cmTC_caa36.dir/testCXXCompiler.cxx.o -c /users/ejiang1/MinVR-VTK-8/build/CMakeFiles/CMakeTmp/testCXXCompiler.cxx
Linking CXX executable cmTC_caa36
/gpfs/runtime/opt/cmake/3.8.1/bin/cmake -E cmake_link_script CMakeFiles/cmTC_caa36.dir/link.txt --verbose=1
/gpfs/runtime/opt/gcc/5.2.0/bin/g++       -rdynamic CMakeFiles/cmTC_caa36.dir/testCXXCompiler.cxx.o  -o cmTC_caa36 
gmake[1]: Leaving directory `/gpfs_home/ejiang1/MinVR-VTK-8/build/CMakeFiles/CMakeTmp'


Detecting CXX compiler ABI info compiled with the following output:
Change Dir: /users/ejiang1/MinVR-VTK-8/build/CMakeFiles/CMakeTmp

Run Build Command:"/usr/bin/gmake" "cmTC_7bf46/fast"
/usr/bin/gmake -f CMakeFiles/cmTC_7bf46.dir/build.make CMakeFiles/cmTC_7bf46.dir/build
gmake[1]: Entering directory `/gpfs_home/ejiang1/MinVR-VTK-8/build/CMakeFiles/CMakeTmp'
Building CXX object CMakeFiles/cmTC_7bf46.dir/CMakeCXXCompilerABI.cpp.o
/gpfs/runtime/opt/gcc/5.2.0/bin/g++     -o CMakeFiles/cmTC_7bf46.dir/CMakeCXXCompilerABI.cpp.o -c /gpfs/runtime/opt/cmake/3.8.1/share/cmake-3.8/Modules/CMakeCXXCompilerABI.cpp
Linking CXX executable cmTC_7bf46
/gpfs/runtime/opt/cmake/3.8.1/bin/cmake -E cmake_link_script CMakeFiles/cmTC_7bf46.dir/link.txt --verbose=1
/gpfs/runtime/opt/gcc/5.2.0/bin/g++      -v -rdynamic CMakeFiles/cmTC_7bf46.dir/CMakeCXXCompilerABI.cpp.o  -o cmTC_7bf46 
Using built-in specs.
COLLECT_GCC=/gpfs/runtime/opt/gcc/5.2.0/bin/g++
COLLECT_LTO_WRAPPER=/gpfs/runtime/opt/gcc/5.2.0/libexec/gcc/x86_64-redhat-linux-gnu/5.2.0/lto-wrapper
Target: x86_64-redhat-linux-gnu
Configured with: ../configure --prefix=/gpfs/runtime/opt/gcc/5.2.0 --disable-multilib --enable-languages=c,c++,fortran --enable-libstdcxx-threads --enable-libstdcxx-time --enable-shared --enable-__cxa_atexit --disable-libunwind-exceptions --disable-libada --host x86_64-redhat-linux-gnu --build x86_64-redhat-linux-gnu
Thread model: posix
gcc version 5.2.0 (GCC) 
COMPILER_PATH=/gpfs/runtime/opt/gcc/5.2.0/libexec/gcc/x86_64-redhat-linux-gnu/5.2.0/:/gpfs/runtime/opt/gcc/5.2.0/libexec/gcc/x86_64-redhat-linux-gnu/5.2.0/:/gpfs/runtime/opt/gcc/5.2.0/libexec/gcc/x86_64-redhat-linux-gnu/:/gpfs/runtime/opt/gcc/5.2.0/lib/gcc/x86_64-redhat-linux-gnu/5.2.0/:/gpfs/runtime/opt/gcc/5.2.0/lib/gcc/x86_64-redhat-linux-gnu/
LIBRARY_PATH=/gpfs/runtime/opt/gcc/5.2.0/lib64/../lib64/:/gpfs/runtime/opt/glew/1.13.0/lib64/../lib64/:/gpfs/runtime/opt/nvidia-driver/331.38/usr/lib64/../lib64/:/gpfs/runtime/opt/gcc/5.2.0/lib/gcc/x86_64-redhat-linux-gnu/5.2.0/:/gpfs/runtime/opt/gcc/5.2.0/lib/gcc/x86_64-redhat-linux-gnu/5.2.0/../../../../lib64/:/lib/../lib64/:/usr/lib/../lib64/:/gpfs/runtime/opt/gcc/5.2.0/lib64/:/gpfs/runtime/opt/libpng/1.6.2-intel/lib/:/gpfs/runtime/opt/freeglut/2.8.1/lib/:/gpfs/runtime/opt/glew/1.13.0/lib64/:/gpfs/runtime/opt/vrpn/7.31/lib/:/gpfs/runtime/opt/nvidia-driver/331.38/usr/lib64/:/gpfs/runtime/opt/python/2.7.3/lib/:/gpfs/runtime/opt/intel/2013.1.106/lib/intel64/:/gpfs/runtime/opt/intel/2013.1.106/mkl/lib/intel64/:/gpfs/runtime/opt/gcc/5.2.0/lib/gcc/x86_64-redhat-linux-gnu/5.2.0/../../../:/lib/:/usr/lib/
COLLECT_GCC_OPTIONS='-v' '-rdynamic' '-o' 'cmTC_7bf46' '-shared-libgcc' '-mtune=generic' '-march=x86-64'
 /gpfs/runtime/opt/gcc/5.2.0/libexec/gcc/x86_64-redhat-linux-gnu/5.2.0/collect2 --eh-frame-hdr -m elf_x86_64 -export-dynamic -dynamic-linker /lib64/ld-linux-x86-64.so.2 -o cmTC_7bf46 /usr/lib/../lib64/crt1.o /usr/lib/../lib64/crti.o /gpfs/runtime/opt/gcc/5.2.0/lib/gcc/x86_64-redhat-linux-gnu/5.2.0/crtbegin.o -L/gpfs/runtime/opt/gcc/5.2.0/lib64/../lib64 -L/gpfs/runtime/opt/glew/1.13.0/lib64/../lib64 -L/gpfs/runtime/opt/nvidia-driver/331.38/usr/lib64/../lib64 -L/gpfs/runtime/opt/gcc/5.2.0/lib/gcc/x86_64-redhat-linux-gnu/5.2.0 -L/gpfs/runtime/opt/gcc/5.2.0/lib/gcc/x86_64-redhat-linux-gnu/5.2.0/../../../../lib64 -L/lib/../lib64 -L/usr/lib/../lib64 -L/gpfs/runtime/opt/gcc/5.2.0/lib64 -L/gpfs/runtime/opt/libpng/1.6.2-intel/lib -L/gpfs/runtime/opt/freeglut/2.8.1/lib -L/gpfs/runtime/opt/glew/1.13.0/lib64 -L/gpfs/runtime/opt/vrpn/7.31/lib -L/gpfs/runtime/opt/nvidia-driver/331.38/usr/lib64 -L/gpfs/runtime/opt/python/2.7.3/lib -L/gpfs/runtime/opt/intel/2013.1.106/lib/intel64 -L/gpfs/runtime/opt/intel/2013.1.106/mkl/lib/intel64 -L/gpfs/runtime/opt/gcc/5.2.0/lib/gcc/x86_64-redhat-linux-gnu/5.2.0/../../.. CMakeFiles/cmTC_7bf46.dir/CMakeCXXCompilerABI.cpp.o -lstdc++ -lm -lgcc_s -lgcc -lc -lgcc_s -lgcc /gpfs/runtime/opt/gcc/5.2.0/lib/gcc/x86_64-redhat-linux-gnu/5.2.0/crtend.o /usr/lib/../lib64/crtn.o
gmake[1]: Leaving directory `/gpfs_home/ejiang1/MinVR-VTK-8/build/CMakeFiles/CMakeTmp'


Parsed CXX implicit link information from above output:
  link line regex: [^( *|.*[/\])(ld|([^/\]+-)?ld|collect2)[^/\]*( |$)]
  ignore line: [Change Dir: /users/ejiang1/MinVR-VTK-8/build/CMakeFiles/CMakeTmp]
  ignore line: []
  ignore line: [Run Build Command:"/usr/bin/gmake" "cmTC_7bf46/fast"]
  ignore line: [/usr/bin/gmake -f CMakeFiles/cmTC_7bf46.dir/build.make CMakeFiles/cmTC_7bf46.dir/build]
  ignore line: [gmake[1]: Entering directory `/gpfs_home/ejiang1/MinVR-VTK-8/build/CMakeFiles/CMakeTmp']
  ignore line: [Building CXX object CMakeFiles/cmTC_7bf46.dir/CMakeCXXCompilerABI.cpp.o]
  ignore line: [/gpfs/runtime/opt/gcc/5.2.0/bin/g++     -o CMakeFiles/cmTC_7bf46.dir/CMakeCXXCompilerABI.cpp.o -c /gpfs/runtime/opt/cmake/3.8.1/share/cmake-3.8/Modules/CMakeCXXCompilerABI.cpp]
  ignore line: [Linking CXX executable cmTC_7bf46]
  ignore line: [/gpfs/runtime/opt/cmake/3.8.1/bin/cmake -E cmake_link_script CMakeFiles/cmTC_7bf46.dir/link.txt --verbose=1]
  ignore line: [/gpfs/runtime/opt/gcc/5.2.0/bin/g++      -v -rdynamic CMakeFiles/cmTC_7bf46.dir/CMakeCXXCompilerABI.cpp.o  -o cmTC_7bf46 ]
  ignore line: [Using built-in specs.]
  ignore line: [COLLECT_GCC=/gpfs/runtime/opt/gcc/5.2.0/bin/g++]
  ignore line: [COLLECT_LTO_WRAPPER=/gpfs/runtime/opt/gcc/5.2.0/libexec/gcc/x86_64-redhat-linux-gnu/5.2.0/lto-wrapper]
  ignore line: [Target: x86_64-redhat-linux-gnu]
  ignore line: [Configured with: ../configure --prefix=/gpfs/runtime/opt/gcc/5.2.0 --disable-multilib --enable-languages=c,c++,fortran --enable-libstdcxx-threads --enable-libstdcxx-time --enable-shared --enable-__cxa_atexit --disable-libunwind-exceptions --disable-libada --host x86_64-redhat-linux-gnu --build x86_64-redhat-linux-gnu]
  ignore line: [Thread model: posix]
  ignore line: [gcc version 5.2.0 (GCC) ]
  ignore line: [COMPILER_PATH=/gpfs/runtime/opt/gcc/5.2.0/libexec/gcc/x86_64-redhat-linux-gnu/5.2.0/:/gpfs/runtime/opt/gcc/5.2.0/libexec/gcc/x86_64-redhat-linux-gnu/5.2.0/:/gpfs/runtime/opt/gcc/5.2.0/libexec/gcc/x86_64-redhat-linux-gnu/:/gpfs/runtime/opt/gcc/5.2.0/lib/gcc/x86_64-redhat-linux-gnu/5.2.0/:/gpfs/runtime/opt/gcc/5.2.0/lib/gcc/x86_64-redhat-linux-gnu/]
  ignore line: [LIBRARY_PATH=/gpfs/runtime/opt/gcc/5.2.0/lib64/../lib64/:/gpfs/runtime/opt/glew/1.13.0/lib64/../lib64/:/gpfs/runtime/opt/nvidia-driver/331.38/usr/lib64/../lib64/:/gpfs/runtime/opt/gcc/5.2.0/lib/gcc/x86_64-redhat-linux-gnu/5.2.0/:/gpfs/runtime/opt/gcc/5.2.0/lib/gcc/x86_64-redhat-linux-gnu/5.2.0/../../../../lib64/:/lib/../lib64/:/usr/lib/../lib64/:/gpfs/runtime/opt/gcc/5.2.0/lib64/:/gpfs/runtime/opt/libpng/1.6.2-intel/lib/:/gpfs/runtime/opt/freeglut/2.8.1/lib/:/gpfs/runtime/opt/glew/1.13.0/lib64/:/gpfs/runtime/opt/vrpn/7.31/lib/:/gpfs/runtime/opt/nvidia-driver/331.38/usr/lib64/:/gpfs/runtime/opt/python/2.7.3/lib/:/gpfs/runtime/opt/intel/2013.1.106/lib/intel64/:/gpfs/runtime/opt/intel/2013.1.106/mkl/lib/intel64/:/gpfs/runtime/opt/gcc/5.2.0/lib/gcc/x86_64-redhat-linux-gnu/5.2.0/../../../:/lib/:/usr/lib/]
  ignore line: [COLLECT_GCC_OPTIONS='-v' '-rdynamic' '-o' 'cmTC_7bf46' '-shared-libgcc' '-mtune=generic' '-march=x86-64']
  link line: [ /gpfs/runtime/opt/gcc/5.2.0/libexec/gcc/x86_64-redhat-linux-gnu/5.2.0/collect2 --eh-frame-hdr -m elf_x86_64 -export-dynamic -dynamic-linker /lib64/ld-linux-x86-64.so.2 -o cmTC_7bf46 /usr/lib/../lib64/crt1.o /usr/lib/../lib64/crti.o /gpfs/runtime/opt/gcc/5.2.0/lib/gcc/x86_64-redhat-linux-gnu/5.2.0/crtbegin.o -L/gpfs/runtime/opt/gcc/5.2.0/lib64/../lib64 -L/gpfs/runtime/opt/glew/1.13.0/lib64/../lib64 -L/gpfs/runtime/opt/nvidia-driver/331.38/usr/lib64/../lib64 -L/gpfs/runtime/opt/gcc/5.2.0/lib/gcc/x86_64-redhat-linux-gnu/5.2.0 -L/gpfs/runtime/opt/gcc/5.2.0/lib/gcc/x86_64-redhat-linux-gnu/5.2.0/../../../../lib64 -L/lib/../lib64 -L/usr/lib/../lib64 -L/gpfs/runtime/opt/gcc/5.2.0/lib64 -L/gpfs/runtime/opt/libpng/1.6.2-intel/lib -L/gpfs/runtime/opt/freeglut/2.8.1/lib -L/gpfs/runtime/opt/glew/1.13.0/lib64 -L/gpfs/runtime/opt/vrpn/7.31/lib -L/gpfs/runtime/opt/nvidia-driver/331.38/usr/lib64 -L/gpfs/runtime/opt/python/2.7.3/lib -L/gpfs/runtime/opt/intel/2013.1.106/lib/intel64 -L/gpfs/runtime/opt/intel/2013.1.106/mkl/lib/intel64 -L/gpfs/runtime/opt/gcc/5.2.0/lib/gcc/x86_64-redhat-linux-gnu/5.2.0/../../.. CMakeFiles/cmTC_7bf46.dir/CMakeCXXCompilerABI.cpp.o -lstdc++ -lm -lgcc_s -lgcc -lc -lgcc_s -lgcc /gpfs/runtime/opt/gcc/5.2.0/lib/gcc/x86_64-redhat-linux-gnu/5.2.0/crtend.o /usr/lib/../lib64/crtn.o]
    arg [/gpfs/runtime/opt/gcc/5.2.0/libexec/gcc/x86_64-redhat-linux-gnu/5.2.0/collect2] ==> ignore
    arg [--eh-frame-hdr] ==> ignore
    arg [-m] ==> ignore
    arg [elf_x86_64] ==> ignore
    arg [-export-dynamic] ==> ignore
    arg [-dynamic-linker] ==> ignore
    arg [/lib64/ld-linux-x86-64.so.2] ==> ignore
    arg [-o] ==> ignore
    arg [cmTC_7bf46] ==> ignore
    arg [/usr/lib/../lib64/crt1.o] ==> ignore
    arg [/usr/lib/../lib64/crti.o] ==> ignore
    arg [/gpfs/runtime/opt/gcc/5.2.0/lib/gcc/x86_64-redhat-linux-gnu/5.2.0/crtbegin.o] ==> ignore
    arg [-L/gpfs/runtime/opt/gcc/5.2.0/lib64/../lib64] ==> dir [/gpfs/runtime/opt/gcc/5.2.0/lib64/../lib64]
    arg [-L/gpfs/runtime/opt/glew/1.13.0/lib64/../lib64] ==> dir [/gpfs/runtime/opt/glew/1.13.0/lib64/../lib64]
    arg [-L/gpfs/runtime/opt/nvidia-driver/331.38/usr/lib64/../lib64] ==> dir [/gpfs/runtime/opt/nvidia-driver/331.38/usr/lib64/../lib64]
    arg [-L/gpfs/runtime/opt/gcc/5.2.0/lib/gcc/x86_64-redhat-linux-gnu/5.2.0] ==> dir [/gpfs/runtime/opt/gcc/5.2.0/lib/gcc/x86_64-redhat-linux-gnu/5.2.0]
    arg [-L/gpfs/runtime/opt/gcc/5.2.0/lib/gcc/x86_64-redhat-linux-gnu/5.2.0/../../../../lib64] ==> dir [/gpfs/runtime/opt/gcc/5.2.0/lib/gcc/x86_64-redhat-linux-gnu/5.2.0/../../../../lib64]
    arg [-L/lib/../lib64] ==> dir [/lib/../lib64]
    arg [-L/usr/lib/../lib64] ==> dir [/usr/lib/../lib64]
    arg [-L/gpfs/runtime/opt/gcc/5.2.0/lib64] ==> dir [/gpfs/runtime/opt/gcc/5.2.0/lib64]
    arg [-L/gpfs/runtime/opt/libpng/1.6.2-intel/lib] ==> dir [/gpfs/runtime/opt/libpng/1.6.2-intel/lib]
    arg [-L/gpfs/runtime/opt/freeglut/2.8.1/lib] ==> dir [/gpfs/runtime/opt/freeglut/2.8.1/lib]
    arg [-L/gpfs/runtime/opt/glew/1.13.0/lib64] ==> dir [/gpfs/runtime/opt/glew/1.13.0/lib64]
    arg [-L/gpfs/runtime/opt/vrpn/7.31/lib] ==> dir [/gpfs/runtime/opt/vrpn/7.31/lib]
    arg [-L/gpfs/runtime/opt/nvidia-driver/331.38/usr/lib64] ==> dir [/gpfs/runtime/opt/nvidia-driver/331.38/usr/lib64]
    arg [-L/gpfs/runtime/opt/python/2.7.3/lib] ==> dir [/gpfs/runtime/opt/python/2.7.3/lib]
    arg [-L/gpfs/runtime/opt/intel/2013.1.106/lib/intel64] ==> dir [/gpfs/runtime/opt/intel/2013.1.106/lib/intel64]
    arg [-L/gpfs/runtime/opt/intel/2013.1.106/mkl/lib/intel64] ==> dir [/gpfs/runtime/opt/intel/2013.1.106/mkl/lib/intel64]
    arg [-L/gpfs/runtime/opt/gcc/5.2.0/lib/gcc/x86_64-redhat-linux-gnu/5.2.0/../../..] ==> dir [/gpfs/runtime/opt/gcc/5.2.0/lib/gcc/x86_64-redhat-linux-gnu/5.2.0/../../..]
    arg [CMakeFiles/cmTC_7bf46.dir/CMakeCXXCompilerABI.cpp.o] ==> ignore
    arg [-lstdc++] ==> lib [stdc++]
    arg [-lm] ==> lib [m]
    arg [-lgcc_s] ==> lib [gcc_s]
    arg [-lgcc] ==> lib [gcc]
    arg [-lc] ==> lib [c]
    arg [-lgcc_s] ==> lib [gcc_s]
    arg [-lgcc] ==> lib [gcc]
    arg [/gpfs/runtime/opt/gcc/5.2.0/lib/gcc/x86_64-redhat-linux-gnu/5.2.0/crtend.o] ==> ignore
    arg [/usr/lib/../lib64/crtn.o] ==> ignore
  remove lib [gcc_s]
  remove lib [gcc]
  remove lib [gcc_s]
  remove lib [gcc]
  collapse library dir [/gpfs/runtime/opt/gcc/5.2.0/lib64/../lib64] ==> [/gpfs/runtime/opt/gcc/5.2.0/lib64]
  collapse library dir [/gpfs/runtime/opt/glew/1.13.0/lib64/../lib64] ==> [/gpfs/runtime/opt/glew/1.13.0/lib64]
  collapse library dir [/gpfs/runtime/opt/nvidia-driver/331.38/usr/lib64/../lib64] ==> [/gpfs/runtime/opt/nvidia-driver/331.38/usr/lib64]
  collapse library dir [/gpfs/runtime/opt/gcc/5.2.0/lib/gcc/x86_64-redhat-linux-gnu/5.2.0] ==> [/gpfs/runtime/opt/gcc/5.2.0/lib/gcc/x86_64-redhat-linux-gnu/5.2.0]
  collapse library dir [/gpfs/runtime/opt/gcc/5.2.0/lib/gcc/x86_64-redhat-linux-gnu/5.2.0/../../../../lib64] ==> [/gpfs/runtime/opt/gcc/5.2.0/lib64]
  collapse library dir [/lib/../lib64] ==> [/lib64]
  collapse library dir [/usr/lib/../lib64] ==> [/usr/lib64]
  collapse library dir [/gpfs/runtime/opt/gcc/5.2.0/lib64] ==> [/gpfs/runtime/opt/gcc/5.2.0/lib64]
  collapse library dir [/gpfs/runtime/opt/libpng/1.6.2-intel/lib] ==> [/gpfs/runtime/opt/libpng/1.6.2-intel/lib]
  collapse library dir [/gpfs/runtime/opt/freeglut/2.8.1/lib] ==> [/gpfs/runtime/opt/freeglut/2.8.1/lib]
  collapse library dir [/gpfs/runtime/opt/glew/1.13.0/lib64] ==> [/gpfs/runtime/opt/glew/1.13.0/lib64]
  collapse library dir [/gpfs/runtime/opt/vrpn/7.31/lib] ==> [/gpfs/runtime/opt/vrpn/7.31/lib]
  collapse library dir [/gpfs/runtime/opt/nvidia-driver/331.38/usr/lib64] ==> [/gpfs/runtime/opt/nvidia-driver/331.38/usr/lib64]
  collapse library dir [/gpfs/runtime/opt/python/2.7.3/lib] ==> [/gpfs/runtime/opt/python/2.7.3/lib]
  collapse library dir [/gpfs/runtime/opt/intel/2013.1.106/lib/intel64] ==> [/gpfs/runtime/opt/intel/2013.1.106/lib/intel64]
  collapse library dir [/gpfs/runtime/opt/intel/2013.1.106/mkl/lib/intel64] ==> [/gpfs/runtime/opt/intel/2013.1.106/mkl/lib/intel64]
  collapse library dir [/gpfs/runtime/opt/gcc/5.2.0/lib/gcc/x86_64-redhat-linux-gnu/5.2.0/../../..] ==> [/gpfs/runtime/opt/gcc/5.2.0/lib]
  implicit libs: [stdc++;m;c]
  implicit dirs: [/gpfs/runtime/opt/gcc/5.2.0/lib64;/gpfs/runtime/opt/glew/1.13.0/lib64;/gpfs/runtime/opt/nvidia-driver/331.38/usr/lib64;/gpfs/runtime/opt/gcc/5.2.0/lib/gcc/x86_64-redhat-linux-gnu/5.2.0;/lib64;/usr/lib64;/gpfs/runtime/opt/libpng/1.6.2-intel/lib;/gpfs/runtime/opt/freeglut/2.8.1/lib;/gpfs/runtime/opt/vrpn/7.31/lib;/gpfs/runtime/opt/python/2.7.3/lib;/gpfs/runtime/opt/intel/2013.1.106/lib/intel64;/gpfs/runtime/opt/intel/2013.1.106/mkl/lib/intel64;/gpfs/runtime/opt/gcc/5.2.0/lib]
  implicit fwks: []




Detecting CXX [-std=c++1z] compiler features compiled with the following output:
Change Dir: /users/ejiang1/MinVR-VTK-8/build/CMakeFiles/CMakeTmp

Run Build Command:"/usr/bin/gmake" "cmTC_382ca/fast"
/usr/bin/gmake -f CMakeFiles/cmTC_382ca.dir/build.make CMakeFiles/cmTC_382ca.dir/build
gmake[1]: Entering directory `/gpfs_home/ejiang1/MinVR-VTK-8/build/CMakeFiles/CMakeTmp'
Building CXX object CMakeFiles/cmTC_382ca.dir/feature_tests.cxx.o
/gpfs/runtime/opt/gcc/5.2.0/bin/g++    -std=c++1z -o CMakeFiles/cmTC_382ca.dir/feature_tests.cxx.o -c /users/ejiang1/MinVR-VTK-8/build/CMakeFiles/feature_tests.cxx
Linking CXX executable cmTC_382ca
/gpfs/runtime/opt/cmake/3.8.1/bin/cmake -E cmake_link_script CMakeFiles/cmTC_382ca.dir/link.txt --verbose=1
/gpfs/runtime/opt/gcc/5.2.0/bin/g++       -rdynamic CMakeFiles/cmTC_382ca.dir/feature_tests.cxx.o  -o cmTC_382ca 
gmake[1]: Leaving directory `/gpfs_home/ejiang1/MinVR-VTK-8/build/CMakeFiles/CMakeTmp'


    Feature record: CXX_FEATURE:1cxx_aggregate_default_initializers
    Feature record: CXX_FEATURE:1cxx_alias_templates
    Feature record: CXX_FEATURE:1cxx_alignas
    Feature record: CXX_FEATURE:1cxx_alignof
    Feature record: CXX_FEATURE:1cxx_attributes
    Feature record: CXX_FEATURE:1cxx_attribute_deprecated
    Feature record: CXX_FEATURE:1cxx_auto_type
    Feature record: CXX_FEATURE:1cxx_binary_literals
    Feature record: CXX_FEATURE:1cxx_constexpr
    Feature record: CXX_FEATURE:1cxx_contextual_conversions
    Feature record: CXX_FEATURE:1cxx_decltype
    Feature record: CXX_FEATURE:1cxx_decltype_auto
    Feature record: CXX_FEATURE:1cxx_decltype_incomplete_return_types
    Feature record: CXX_FEATURE:1cxx_default_function_template_args
    Feature record: CXX_FEATURE:1cxx_defaulted_functions
    Feature record: CXX_FEATURE:1cxx_defaulted_move_initializers
    Feature record: CXX_FEATURE:1cxx_delegating_constructors
    Feature record: CXX_FEATURE:1cxx_deleted_functions
    Feature record: CXX_FEATURE:1cxx_digit_separators
    Feature record: CXX_FEATURE:1cxx_enum_forward_declarations
    Feature record: CXX_FEATURE:1cxx_explicit_conversions
    Feature record: CXX_FEATURE:1cxx_extended_friend_declarations
    Feature record: CXX_FEATURE:1cxx_extern_templates
    Feature record: CXX_FEATURE:1cxx_final
    Feature record: CXX_FEATURE:1cxx_func_identifier
    Feature record: CXX_FEATURE:1cxx_generalized_initializers
    Feature record: CXX_FEATURE:1cxx_generic_lambdas
    Feature record: CXX_FEATURE:1cxx_inheriting_constructors
    Feature record: CXX_FEATURE:1cxx_inline_namespaces
    Feature record: CXX_FEATURE:1cxx_lambdas
    Feature record: CXX_FEATURE:1cxx_lambda_init_captures
    Feature record: CXX_FEATURE:1cxx_local_type_template_args
    Feature record: CXX_FEATURE:1cxx_long_long_type
    Feature record: CXX_FEATURE:1cxx_noexcept
    Feature record: CXX_FEATURE:1cxx_nonstatic_member_init
    Feature record: CXX_FEATURE:1cxx_nullptr
    Feature record: CXX_FEATURE:1cxx_override
    Feature record: CXX_FEATURE:1cxx_range_for
    Feature record: CXX_FEATURE:1cxx_raw_string_literals
    Feature record: CXX_FEATURE:1cxx_reference_qualified_functions
    Feature record: CXX_FEATURE:1cxx_relaxed_constexpr
    Feature record: CXX_FEATURE:1cxx_return_type_deduction
    Feature record: CXX_FEATURE:1cxx_right_angle_brackets
    Feature record: CXX_FEATURE:1cxx_rvalue_references
    Feature record: CXX_FEATURE:1cxx_sizeof_member
    Feature record: CXX_FEATURE:1cxx_static_assert
    Feature record: CXX_FEATURE:1cxx_strong_enums
    Feature record: CXX_FEATURE:1cxx_template_template_parameters
    Feature record: CXX_FEATURE:1cxx_thread_local
    Feature record: CXX_FEATURE:1cxx_trailing_return_types
    Feature record: CXX_FEATURE:1cxx_unicode_literals
    Feature record: CXX_FEATURE:1cxx_uniform_initialization
    Feature record: CXX_FEATURE:1cxx_unrestricted_unions
    Feature record: CXX_FEATURE:1cxx_user_literals
    Feature record: CXX_FEATURE:1cxx_variable_templates
    Feature record: CXX_FEATURE:1cxx_variadic_macros
    Feature record: CXX_FEATURE:1cxx_variadic_templates


Detecting CXX [-std=c++14] compiler features compiled with the following output:
Change Dir: /users/ejiang1/MinVR-VTK-8/build/CMakeFiles/CMakeTmp

Run Build Command:"/usr/bin/gmake" "cmTC_19d77/fast"
/usr/bin/gmake -f CMakeFiles/cmTC_19d77.dir/build.make CMakeFiles/cmTC_19d77.dir/build
gmake[1]: Entering directory `/gpfs_home/ejiang1/MinVR-VTK-8/build/CMakeFiles/CMakeTmp'
Building CXX object CMakeFiles/cmTC_19d77.dir/feature_tests.cxx.o
/gpfs/runtime/opt/gcc/5.2.0/bin/g++    -std=c++14 -o CMakeFiles/cmTC_19d77.dir/feature_tests.cxx.o -c /users/ejiang1/MinVR-VTK-8/build/CMakeFiles/feature_tests.cxx
Linking CXX executable cmTC_19d77
/gpfs/runtime/opt/cmake/3.8.1/bin/cmake -E cmake_link_script CMakeFiles/cmTC_19d77.dir/link.txt --verbose=1
/gpfs/runtime/opt/gcc/5.2.0/bin/g++       -rdynamic CMakeFiles/cmTC_19d77.dir/feature_tests.cxx.o  -o cmTC_19d77 
gmake[1]: Leaving directory `/gpfs_home/ejiang1/MinVR-VTK-8/build/CMakeFiles/CMakeTmp'


    Feature record: CXX_FEATURE:1cxx_aggregate_default_initializers
    Feature record: CXX_FEATURE:1cxx_alias_templates
    Feature record: CXX_FEATURE:1cxx_alignas
    Feature record: CXX_FEATURE:1cxx_alignof
    Feature record: CXX_FEATURE:1cxx_attributes
    Feature record: CXX_FEATURE:1cxx_attribute_deprecated
    Feature record: CXX_FEATURE:1cxx_auto_type
    Feature record: CXX_FEATURE:1cxx_binary_literals
    Feature record: CXX_FEATURE:1cxx_constexpr
    Feature record: CXX_FEATURE:1cxx_contextual_conversions
    Feature record: CXX_FEATURE:1cxx_decltype
    Feature record: CXX_FEATURE:1cxx_decltype_auto
    Feature record: CXX_FEATURE:1cxx_decltype_incomplete_return_types
    Feature record: CXX_FEATURE:1cxx_default_function_template_args
    Feature record: CXX_FEATURE:1cxx_defaulted_functions
    Feature record: CXX_FEATURE:1cxx_defaulted_move_initializers
    Feature record: CXX_FEATURE:1cxx_delegating_constructors
    Feature record: CXX_FEATURE:1cxx_deleted_functions
    Feature record: CXX_FEATURE:1cxx_digit_separators
    Feature record: CXX_FEATURE:1cxx_enum_forward_declarations
    Feature record: CXX_FEATURE:1cxx_explicit_conversions
    Feature record: CXX_FEATURE:1cxx_extended_friend_declarations
    Feature record: CXX_FEATURE:1cxx_extern_templates
    Feature record: CXX_FEATURE:1cxx_final
    Feature record: CXX_FEATURE:1cxx_func_identifier
    Feature record: CXX_FEATURE:1cxx_generalized_initializers
    Feature record: CXX_FEATURE:1cxx_generic_lambdas
    Feature record: CXX_FEATURE:1cxx_inheriting_constructors
    Feature record: CXX_FEATURE:1cxx_inline_namespaces
    Feature record: CXX_FEATURE:1cxx_lambdas
    Feature record: CXX_FEATURE:1cxx_lambda_init_captures
    Feature record: CXX_FEATURE:1cxx_local_type_template_args
    Feature record: CXX_FEATURE:1cxx_long_long_type
    Feature record: CXX_FEATURE:1cxx_noexcept
    Feature record: CXX_FEATURE:1cxx_nonstatic_member_init
    Feature record: CXX_FEATURE:1cxx_nullptr
    Feature record: CXX_FEATURE:1cxx_override
    Feature record: CXX_FEATURE:1cxx_range_for
    Feature record: CXX_FEATURE:1cxx_raw_string_literals
    Feature record: CXX_FEATURE:1cxx_reference_qualified_functions
    Feature record: CXX_FEATURE:1cxx_relaxed_constexpr
    Feature record: CXX_FEATURE:1cxx_return_type_deduction
    Feature record: CXX_FEATURE:1cxx_right_angle_brackets
    Feature record: CXX_FEATURE:1cxx_rvalue_references
    Feature record: CXX_FEATURE:1cxx_sizeof_member
    Feature record: CXX_FEATURE:1cxx_static_assert
    Feature record: CXX_FEATURE:1cxx_strong_enums
    Feature record: CXX_FEATURE:1cxx_template_template_parameters
    Feature record: CXX_FEATURE:1cxx_thread_local
    Feature record: CXX_FEATURE:1cxx_trailing_return_types
    Feature record: CXX_FEATURE:1cxx_unicode_literals
    Feature record: CXX_FEATURE:1cxx_uniform_initialization
    Feature record: CXX_FEATURE:1cxx_unrestricted_unions
    Feature record: CXX_FEATURE:1cxx_user_literals
    Feature record: CXX_FEATURE:1cxx_variable_templates
    Feature record: CXX_FEATURE:1cxx_variadic_macros
    Feature record: CXX_FEATURE:1cxx_variadic_templates


Detecting CXX [-std=c++11] compiler features compiled with the following output:
Change Dir: /users/ejiang1/MinVR-VTK-8/build/CMakeFiles/CMakeTmp

Run Build Command:"/usr/bin/gmake" "cmTC_65e5d/fast"
/usr/bin/gmake -f CMakeFiles/cmTC_65e5d.dir/build.make CMakeFiles/cmTC_65e5d.dir/build
gmake[1]: Entering directory `/gpfs_home/ejiang1/MinVR-VTK-8/build/CMakeFiles/CMakeTmp'
Building CXX object CMakeFiles/cmTC_65e5d.dir/feature_tests.cxx.o
/gpfs/runtime/opt/gcc/5.2.0/bin/g++    -std=c++11 -o CMakeFiles/cmTC_65e5d.dir/feature_tests.cxx.o -c /users/ejiang1/MinVR-VTK-8/build/CMakeFiles/feature_tests.cxx
Linking CXX executable cmTC_65e5d
/gpfs/runtime/opt/cmake/3.8.1/bin/cmake -E cmake_link_script CMakeFiles/cmTC_65e5d.dir/link.txt --verbose=1
/gpfs/runtime/opt/gcc/5.2.0/bin/g++       -rdynamic CMakeFiles/cmTC_65e5d.dir/feature_tests.cxx.o  -o cmTC_65e5d 
gmake[1]: Leaving directory `/gpfs_home/ejiang1/MinVR-VTK-8/build/CMakeFiles/CMakeTmp'


    Feature record: CXX_FEATURE:0cxx_aggregate_default_initializers
    Feature record: CXX_FEATURE:1cxx_alias_templates
    Feature record: CXX_FEATURE:1cxx_alignas
    Feature record: CXX_FEATURE:1cxx_alignof
    Feature record: CXX_FEATURE:1cxx_attributes
    Feature record: CXX_FEATURE:0cxx_attribute_deprecated
    Feature record: CXX_FEATURE:1cxx_auto_type
    Feature record: CXX_FEATURE:0cxx_binary_literals
    Feature record: CXX_FEATURE:1cxx_constexpr
    Feature record: CXX_FEATURE:0cxx_contextual_conversions
    Feature record: CXX_FEATURE:1cxx_decltype
    Feature record: CXX_FEATURE:0cxx_decltype_auto
    Feature record: CXX_FEATURE:1cxx_decltype_incomplete_return_types
    Feature record: CXX_FEATURE:1cxx_default_function_template_args
    Feature record: CXX_FEATURE:1cxx_defaulted_functions
    Feature record: CXX_FEATURE:1cxx_defaulted_move_initializers
    Feature record: CXX_FEATURE:1cxx_delegating_constructors
    Feature record: CXX_FEATURE:1cxx_deleted_functions
    Feature record: CXX_FEATURE:0cxx_digit_separators
    Feature record: CXX_FEATURE:1cxx_enum_forward_declarations
    Feature record: CXX_FEATURE:1cxx_explicit_conversions
    Feature record: CXX_FEATURE:1cxx_extended_friend_declarations
    Feature record: CXX_FEATURE:1cxx_extern_templates
    Feature record: CXX_FEATURE:1cxx_final
    Feature record: CXX_FEATURE:1cxx_func_identifier
    Feature record: CXX_FEATURE:1cxx_generalized_initializers
    Feature record: CXX_FEATURE:0cxx_generic_lambdas
    Feature record: CXX_FEATURE:1cxx_inheriting_constructors
    Feature record: CXX_FEATURE:1cxx_inline_namespaces
    Feature record: CXX_FEATURE:1cxx_lambdas
    Feature record: CXX_FEATURE:0cxx_lambda_init_captures
    Feature record: CXX_FEATURE:1cxx_local_type_template_args
    Feature record: CXX_FEATURE:1cxx_long_long_type
    Feature record: CXX_FEATURE:1cxx_noexcept
    Feature record: CXX_FEATURE:1cxx_nonstatic_member_init
    Feature record: CXX_FEATURE:1cxx_nullptr
    Feature record: CXX_FEATURE:1cxx_override
    Feature record: CXX_FEATURE:1cxx_range_for
    Feature record: CXX_FEATURE:1cxx_raw_string_literals
    Feature record: CXX_FEATURE:1cxx_reference_qualified_functions
    Feature record: CXX_FEATURE:0cxx_relaxed_constexpr
    Feature record: CXX_FEATURE:0cxx_return_type_deduction
    Feature record: CXX_FEATURE:1cxx_right_angle_brackets
    Feature record: CXX_FEATURE:1cxx_rvalue_references
    Feature record: CXX_FEATURE:1cxx_sizeof_member
    Feature record: CXX_FEATURE:1cxx_static_assert
    Feature record: CXX_FEATURE:1cxx_strong_enums
    Feature record: CXX_FEATURE:1cxx_template_template_parameters
    Feature record: CXX_FEATURE:1cxx_thread_local
    Feature record: CXX_FEATURE:1cxx_trailing_return_types
    Feature record: CXX_FEATURE:1cxx_unicode_literals
    Feature record: CXX_FEATURE:1cxx_uniform_initialization
    Feature record: CXX_FEATURE:1cxx_unrestricted_unions
    Feature record: CXX_FEATURE:1cxx_user_literals
    Feature record: CXX_FEATURE:0cxx_variable_templates
    Feature record: CXX_FEATURE:1cxx_variadic_macros
    Feature record: CXX_FEATURE:1cxx_variadic_templates


Detecting CXX [-std=c++98] compiler features compiled with the following output:
Change Dir: /users/ejiang1/MinVR-VTK-8/build/CMakeFiles/CMakeTmp

Run Build Command:"/usr/bin/gmake" "cmTC_1005c/fast"
/usr/bin/gmake -f CMakeFiles/cmTC_1005c.dir/build.make CMakeFiles/cmTC_1005c.dir/build
gmake[1]: Entering directory `/gpfs_home/ejiang1/MinVR-VTK-8/build/CMakeFiles/CMakeTmp'
Building CXX object CMakeFiles/cmTC_1005c.dir/feature_tests.cxx.o
/gpfs/runtime/opt/gcc/5.2.0/bin/g++    -std=c++98 -o CMakeFiles/cmTC_1005c.dir/feature_tests.cxx.o -c /users/ejiang1/MinVR-VTK-8/build/CMakeFiles/feature_tests.cxx
Linking CXX executable cmTC_1005c
/gpfs/runtime/opt/cmake/3.8.1/bin/cmake -E cmake_link_script CMakeFiles/cmTC_1005c.dir/link.txt --verbose=1
/gpfs/runtime/opt/gcc/5.2.0/bin/g++       -rdynamic CMakeFiles/cmTC_1005c.dir/feature_tests.cxx.o  -o cmTC_1005c 
gmake[1]: Leaving directory `/gpfs_home/ejiang1/MinVR-VTK-8/build/CMakeFiles/CMakeTmp'


    Feature record: CXX_FEATURE:0cxx_aggregate_default_initializers
    Feature record: CXX_FEATURE:0cxx_alias_templates
    Feature record: CXX_FEATURE:0cxx_alignas
    Feature record: CXX_FEATURE:0cxx_alignof
    Feature record: CXX_FEATURE:0cxx_attributes
    Feature record: CXX_FEATURE:0cxx_attribute_deprecated
    Feature record: CXX_FEATURE:0cxx_auto_type
    Feature record: CXX_FEATURE:0cxx_binary_literals
    Feature record: CXX_FEATURE:0cxx_constexpr
    Feature record: CXX_FEATURE:0cxx_contextual_conversions
    Feature record: CXX_FEATURE:0cxx_decltype
    Feature record: CXX_FEATURE:0cxx_decltype_auto
    Feature record: CXX_FEATURE:0cxx_decltype_incomplete_return_types
    Feature record: CXX_FEATURE:0cxx_default_function_template_args
    Feature record: CXX_FEATURE:0cxx_defaulted_functions
    Feature record: CXX_FEATURE:0cxx_defaulted_move_initializers
    Feature record: CXX_FEATURE:0cxx_delegating_constructors
    Feature record: CXX_FEATURE:0cxx_deleted_functions
    Feature record: CXX_FEATURE:0cxx_digit_separators
    Feature record: CXX_FEATURE:0cxx_enum_forward_declarations
    Feature record: CXX_FEATURE:0cxx_explicit_conversions
    Feature record: CXX_FEATURE:0cxx_extended_friend_declarations
    Feature record: CXX_FEATURE:0cxx_extern_templates
    Feature record: CXX_FEATURE:0cxx_final
    Feature record: CXX_FEATURE:0cxx_func_identifier
    Feature record: CXX_FEATURE:0cxx_generalized_initializers
    Feature record: CXX_FEATURE:0cxx_generic_lambdas
    Feature record: CXX_FEATURE:0cxx_inheriting_constructors
    Feature record: CXX_FEATURE:0cxx_inline_namespaces
    Feature record: CXX_FEATURE:0cxx_lambdas
    Feature record: CXX_FEATURE:0cxx_lambda_init_captures
    Feature record: CXX_FEATURE:0cxx_local_type_template_args
    Feature record: CXX_FEATURE:0cxx_long_long_type
    Feature record: CXX_FEATURE:0cxx_noexcept
    Feature record: CXX_FEATURE:0cxx_nonstatic_member_init
    Feature record: CXX_FEATURE:0cxx_nullptr
    Feature record: CXX_FEATURE:0cxx_override
    Feature record: CXX_FEATURE:0cxx_range_for
    Feature record: CXX_FEATURE:0cxx_raw_string_literals
    Feature record: CXX_FEATURE:0cxx_reference_qualified_functions
    Feature record: CXX_FEATURE:0cxx_relaxed_constexpr
    Feature record: CXX_FEATURE:0cxx_return_type_deduction
    Feature record: CXX_FEATURE:0cxx_right_angle_brackets
    Feature record: CXX_FEATURE:0cxx_rvalue_references
    Feature record: CXX_FEATURE:0cxx_sizeof_member
    Feature record: CXX_FEATURE:0cxx_static_assert
    Feature record: CXX_FEATURE:0cxx_strong_enums
    Feature record: CXX_FEATURE:1cxx_template_template_parameters
    Feature record: CXX_FEATURE:0cxx_thread_local
    Feature record: CXX_FEATURE:0cxx_trailing_return_types
    Feature record: CXX_FEATURE:0cxx_unicode_literals
    Feature record: CXX_FEATURE:0cxx_uniform_initialization
    Feature record: CXX_FEATURE:0cxx_unrestricted_unions
    Feature record: CXX_FEATURE:0cxx_user_literals
    Feature record: CXX_FEATURE:0cxx_variable_templates
    Feature record: CXX_FEATURE:0cxx_variadic_macros
    Feature record: CXX_FEATURE:0cxx_variadic_templates
